<?xml version="1.0" encoding="UTF-8"?>
<!-- Generated by org.testng.reporters.JUnitXMLReporter -->
<testsuite hostname="DESKTOP" ignored="0" name="Default test" tests="3" failures="0" timestamp="2020-11-30T22:16:37 EST" time="21.22" errors="0">
  <testcase name="searchproduct" time="6.308" classname="com.TestNG.Flipcartfilter"/>
  <testcase name="printDetails" time="0.169" classname="com.TestNG.Flipcartfilter"/>
  <testcase name="screenShot" time="2.772" classname="com.TestNG.Flipcartfilter"/>
</testsuite> <!-- Default test -->
