<?xml version="1.0" encoding="UTF-8"?>
<testng-results skipped="0" failed="0" ignored="0" total="2" passed="2">
  <reporter-output>
  </reporter-output>
  <suite name="Suite" duration-ms="20037" started-at="2020-11-25T17:14:02 EST" finished-at="2020-11-25T17:14:22 EST">
    <groups>
    </groups>
    <test name="Test" duration-ms="20037" started-at="2020-11-25T17:14:02 EST" finished-at="2020-11-25T17:14:22 EST">
      <class name="com.TestNG.C2Ta">
        <test-method status="PASS" signature="launchApp()[pri:0, instance:com.TestNG.C2Ta@15d0c81b]" name="launchApp" is-config="true" duration-ms="9623" started-at="2020-11-25T17:14:02 EST" finished-at="2020-11-25T17:14:11 EST">
          <reporter-output>
          </reporter-output>
        </test-method> <!-- launchApp -->
        <test-method status="PASS" signature="loginApp()[pri:0, instance:com.TestNG.C2Ta@15d0c81b]" name="loginApp" duration-ms="4065" started-at="2020-11-25T17:14:17 EST" finished-at="2020-11-25T17:14:21 EST">
          <reporter-output>
          </reporter-output>
        </test-method> <!-- loginApp -->
        <test-method status="PASS" signature="closeApp()[pri:0, instance:com.TestNG.C2Ta@15d0c81b]" name="closeApp" is-config="true" duration-ms="150" started-at="2020-11-25T17:14:21 EST" finished-at="2020-11-25T17:14:22 EST">
          <reporter-output>
          </reporter-output>
        </test-method> <!-- closeApp -->
      </class> <!-- com.TestNG.C2Ta -->
      <class name="com.TestNG.Orangehrmlogin">
        <test-method status="PASS" signature="launchApp()[pri:0, instance:com.TestNG.Orangehrmlogin@74650e52]" name="launchApp" is-config="true" duration-ms="6072" started-at="2020-11-25T17:14:11 EST" finished-at="2020-11-25T17:14:17 EST">
          <reporter-output>
          </reporter-output>
        </test-method> <!-- launchApp -->
        <test-method status="PASS" signature="loginApp()[pri:0, instance:com.TestNG.Orangehrmlogin@74650e52]" name="loginApp" duration-ms="1604" started-at="2020-11-25T17:14:17 EST" finished-at="2020-11-25T17:14:19 EST">
          <reporter-output>
          </reporter-output>
        </test-method> <!-- loginApp -->
        <test-method status="PASS" signature="closeApp()[pri:0, instance:com.TestNG.Orangehrmlogin@74650e52]" name="closeApp" is-config="true" duration-ms="69" started-at="2020-11-25T17:14:22 EST" finished-at="2020-11-25T17:14:22 EST">
          <reporter-output>
          </reporter-output>
        </test-method> <!-- closeApp -->
      </class> <!-- com.TestNG.Orangehrmlogin -->
    </test> <!-- Test -->
  </suite> <!-- Suite -->
</testng-results>
