<?xml version="1.0" encoding="UTF-8"?>
<!-- Generated by org.testng.reporters.JUnitXMLReporter -->
<testsuite hostname="DESKTOP" ignored="1" name="Test" tests="2" failures="0" timestamp="2020-11-26T12:41:30 EST" time="0.098" errors="0">
  <testcase name="testcase1" time="0.017" classname="com.TestNG.Dependsongroup"/>
  <testcase name="testcase2" time="0.002" classname="com.TestNG.Dependsongroup"/>
  <testcase name="testcase3" time="0.0" classname="com.TestNG.Dependsongroup">
    <ignored/>
  </testcase> <!-- testcase3 -->
</testsuite> <!-- Test -->
